<?xml version="1.0" encoding="UTF-8"?>
<!-- Generated by org.testng.reporters.JUnitReportReporter -->
<testsuite hostname="LAPTOP-QBTCVFMP" failures="0" tests="10" name="com.juaracoding.demo.TestDemo" time="102.046" errors="0" timestamp="2022-08-22T22:15:31 WIB" skipped="0">
  <testcase classname="com.juaracoding.demo.TestDemo" name="myAcc" time="1.827"/>
  <system-out/>
  <testcase classname="com.juaracoding.demo.TestDemo" name="Regis" time="8.144"/>
  <system-out/>
  <testcase classname="com.juaracoding.demo.TestDemo" name="Login" time="9.788"/>
  <system-out/>
  <testcase classname="com.juaracoding.demo.TestDemo" name="cariWishList1" time="15.395"/>
  <system-out/>
  <testcase classname="com.juaracoding.demo.TestDemo" name="cariWishList2" time="17.035"/>
  <system-out/>
  <testcase classname="com.juaracoding.demo.TestDemo" name="MyWishList" time="6.476"/>
  <system-out/>
  <testcase classname="com.juaracoding.demo.TestDemo" name="MyWishList2" time="12.082"/>
  <system-out/>
  <testcase classname="com.juaracoding.demo.TestDemo" name="ShowCart" time="13.075"/>
  <system-out/>
  <testcase classname="com.juaracoding.demo.TestDemo" name="CheckOut" time="9.805"/>
  <system-out/>
  <testcase classname="com.juaracoding.demo.TestDemo" name="LogOut" time="8.419"/>
  <system-out/>
</testsuite> <!-- com.juaracoding.demo.TestDemo -->
